Using pre-set license
Built from '2020.3/release' branch; Version is '2020.3.1f1 (77a89f25062f) revision 7841951'; Using compiler version '192528614'; Build Type 'Release'
OS: 'Windows 10 Home; OS build 19042.985; Version 2009; 64bit' Language: 'it' Physical Memory: 8109 MB
BatchMode: 1, IsHumanControllingUs: 0, StartBugReporterOnCrash: 0, Is64bit: 1, IsPro: 0

 COMMAND LINE ARGUMENTS:
C:\Program Files\Unity\Hub\Editor\2020.3.1f1\Editor\Unity.exe
-adb2
-batchMode
-noUpm
-name
AssetImportWorker0
-projectPath
C:/Users/jacopo/Desktop/Modulo 2 - Rendering - SHADER
-logFile
Logs/AssetImportWorker0.log
-srvPort
54101
Successfully changed project path to: C:/Users/jacopo/Desktop/Modulo 2 - Rendering - SHADER
C:/Users/jacopo/Desktop/Modulo 2 - Rendering - SHADER
Using Asset Import Pipeline V2.
Refreshing native plugins compatible for Editor in 87.47 ms, found 0 plugins.
Preloading 0 native plugins for Editor in 0.00 ms.
Initialize engine version: 2020.3.1f1 (77a89f25062f)
[Subsystems] Discovering subsystems at path C:/Program Files/Unity/Hub/Editor/2020.3.1f1/Editor/Data/Resources/UnitySubsystems
[Subsystems] Discovering subsystems at path C:/Users/jacopo/Desktop/Modulo 2 - Rendering - SHADER/Assets
GfxDevice: creating device client; threaded=0
Direct3D:
    Version:  Direct3D 11.0 [level 11.1]
    Renderer: NVIDIA GeForce GTX 1660 SUPER (ID=0x21c4)
    Vendor:   
    VRAM:     5991 MB
    Driver:   27.21.14.5751
Initialize mono
Mono path[0] = 'C:/Program Files/Unity/Hub/Editor/2020.3.1f1/Editor/Data/Managed'
Mono path[1] = 'C:/Program Files/Unity/Hub/Editor/2020.3.1f1/Editor/Data/MonoBleedingEdge/lib/mono/unityjit'
Mono config path = 'C:/Program Files/Unity/Hub/Editor/2020.3.1f1/Editor/Data/MonoBleedingEdge/etc'
Using monoOptions --debugger-agent=transport=dt_socket,embedding=1,server=y,suspend=n,address=127.0.0.1:56092
Begin MonoManager ReloadAssembly
Registering precompiled unity dll's ...
Register platform support module: C:/Program Files/Unity/Hub/Editor/2020.3.1f1/Editor/Data/PlaybackEngines/WindowsStandaloneSupport/UnityEditor.WindowsStandalone.Extensions.dll
Registered in 0.007536 seconds.
Native extension for WindowsStandalone target not found
Refreshing native plugins compatible for Editor in 49.06 ms, found 0 plugins.
Preloading 0 native plugins for Editor in 0.00 ms.
Invoked RoslynAnalysisRunner static constructor.
RoslynAnalysisRunner will not be running.
RoslynAnalysisRunner has terminated.
Mono: successfully reloaded assembly
- Completed reload, in  1.903 seconds
Platform modules already initialized, skipping
Registering precompiled user dll's ...
Registered in 0.001911 seconds.
Begin MonoManager ReloadAssembly
Native extension for WindowsStandalone target not found
Refreshing native plugins compatible for Editor in 60.11 ms, found 0 plugins.
Preloading 0 native plugins for Editor in 0.00 ms.
Invoked RoslynAnalysisRunner static constructor.
RoslynAnalysisRunner will not be running.
RoslynAnalysisRunner has terminated.
Mono: successfully reloaded assembly
- Completed reload, in  2.106 seconds
Platform modules already initialized, skipping
========================================================================
Worker process is ready to serve import requests
Shader 'Universal Render Pipeline/Particles/Lit': fallback shader 'Universal Render Pipeline/Particles/SimpleLit' not found
Shader 'Universal Render Pipeline/Particles/Lit': fallback shader 'Universal Render Pipeline/Particles/SimpleLit' not found
Launched and connected shader compiler UnityShaderCompiler.exe after 0.07 seconds
Refreshing native plugins compatible for Editor in 1.44 ms, found 0 plugins.
Preloading 0 native plugins for Editor in 0.00 ms.
Unloading 2417 Unused Serialized files (Serialized files now loaded: 0)
System memory in use before: 110.9 MB.
System memory in use after: 108.6 MB.

Unloading 45 unused Assets to reduce memory usage. Loaded Objects now: 2823.
Total: 5.043900 ms (FindLiveObjects: 0.359900 ms CreateObjectMapping: 0.165000 ms MarkObjects: 2.954800 ms  DeleteObjects: 1.561400 ms)

========================================================================
Received Import Request.
  path: Assets/Readme.asset
  artifactKey: Guid(83c2ed844a8c74b779a4c823d16594b1) Importer(815301076,1909f56bfc062723c751e8b465ee728b)
Start importing Assets/Readme.asset using Guid(83c2ed844a8c74b779a4c823d16594b1) Importer(815301076,1909f56bfc062723c751e8b465ee728b)  -> (artifact id: '5dcbb894266d2c9b152955f6bbad470d') in 0.073504 seconds
  Import took 0.079253 seconds .

========================================================================
Received Import Request.
  Time since last request: 40.744124 seconds.
  path: Assets/shader
  artifactKey: Guid(7dce3a20ec84d6c4384bdc0fc70d5129) Importer(815301076,1909f56bfc062723c751e8b465ee728b)
Start importing Assets/shader using Guid(7dce3a20ec84d6c4384bdc0fc70d5129) Importer(815301076,1909f56bfc062723c751e8b465ee728b)  -> (artifact id: 'd7c31f1474ec37cd0660e110253089c2') in 0.002960 seconds
  Import took 0.006586 seconds .

========================================================================
Received Import Request.
  Time since last request: 0.007895 seconds.
  path: Assets/shader
  artifactKey: Guid(7dce3a20ec84d6c4384bdc0fc70d5129) Importer(815301076,1909f56bfc062723c751e8b465ee728b)
Start importing Assets/shader using Guid(7dce3a20ec84d6c4384bdc0fc70d5129) Importer(815301076,1909f56bfc062723c751e8b465ee728b)  -> (artifact id: 'd7c31f1474ec37cd0660e110253089c2') in 0.002522 seconds
  Import took 0.006218 seconds .

========================================================================
Received Import Request.
  Time since last request: 13.037786 seconds.
  path: Assets/shader/Po.shadergraph
  artifactKey: Guid(fd4d27a8b02c4004da033778ca94121b) Importer(815301076,1909f56bfc062723c751e8b465ee728b)
Start importing Assets/shader/Po.shadergraph using Guid(fd4d27a8b02c4004da033778ca94121b) Importer(815301076,1909f56bfc062723c751e8b465ee728b)  -> (artifact id: 'a5f5ed2c9730ff0177856218ea2146c5') in 0.005186 seconds
  Import took 0.008809 seconds .

========================================================================
Received Import Request.
  Time since last request: 0.003279 seconds.
  path: Assets/shader/Po.shadergraph
  artifactKey: Guid(fd4d27a8b02c4004da033778ca94121b) Importer(815301076,1909f56bfc062723c751e8b465ee728b)
Start importing Assets/shader/Po.shadergraph using Guid(fd4d27a8b02c4004da033778ca94121b) Importer(815301076,1909f56bfc062723c751e8b465ee728b)  -> (artifact id: 'a5f5ed2c9730ff0177856218ea2146c5') in 0.004182 seconds
  Import took 0.007969 seconds .

========================================================================
Received Import Request.
  Time since last request: 37.547049 seconds.
  path: Assets/shader/Scene
  artifactKey: Guid(3c8aaf55514393047862bb70f121fbc0) Importer(815301076,1909f56bfc062723c751e8b465ee728b)
Start importing Assets/shader/Scene using Guid(3c8aaf55514393047862bb70f121fbc0) Importer(815301076,1909f56bfc062723c751e8b465ee728b)  -> (artifact id: '67dfa14c294b12f524936a6876d88b9b') in 0.005059 seconds
  Import took 0.009384 seconds .

========================================================================
Received Import Request.
  Time since last request: 8.085951 seconds.
  path: Assets/shader/Shader
  artifactKey: Guid(932f32e3d623ea649ad8b5382d0771a3) Importer(815301076,1909f56bfc062723c751e8b465ee728b)
Start importing Assets/shader/Shader using Guid(932f32e3d623ea649ad8b5382d0771a3) Importer(815301076,1909f56bfc062723c751e8b465ee728b)  -> (artifact id: '614a9be30e78fd018088b47dc542f1b0') in 0.004639 seconds
  Import took 0.008297 seconds .

========================================================================
Received Import Request.
  Time since last request: 6.938261 seconds.
  path: Assets/shader/Mat
  artifactKey: Guid(4c7b0477193a84e4fb3c9f999103a1af) Importer(815301076,1909f56bfc062723c751e8b465ee728b)
Start importing Assets/shader/Mat using Guid(4c7b0477193a84e4fb3c9f999103a1af) Importer(815301076,1909f56bfc062723c751e8b465ee728b)  -> (artifact id: 'd1b2017fcc45b931f41989d0e025f497') in 0.005829 seconds
  Import took 0.010028 seconds .

========================================================================
Received Import Request.
  Time since last request: 19.090618 seconds.
  path: Assets/shader/scene 1
  artifactKey: Guid(5c417ce9f8f9076489c22e2b85de65b8) Importer(815301076,1909f56bfc062723c751e8b465ee728b)
Start importing Assets/shader/scene 1 using Guid(5c417ce9f8f9076489c22e2b85de65b8) Importer(815301076,1909f56bfc062723c751e8b465ee728b)  -> (artifact id: '22b3f1d77742212359c50c3a76268021') in 0.004613 seconds
  Import took 0.008281 seconds .

========================================================================
Received Import Request.
  Time since last request: 15.912550 seconds.
  path: Assets/shader/scene 1/Scene.unity
  artifactKey: Guid(10107bf47f5b92049a122dfc9505af8b) Importer(815301076,1909f56bfc062723c751e8b465ee728b)
Start importing Assets/shader/scene 1/Scene.unity using Guid(10107bf47f5b92049a122dfc9505af8b) Importer(815301076,1909f56bfc062723c751e8b465ee728b)  -> (artifact id: '85f4c94cec8cb0350814e6ae6ccb5e60') in 0.006056 seconds
  Import took 0.010569 seconds .

========================================================================
Received Import Request.
  Time since last request: 0.005581 seconds.
  path: Assets/shader/scene 1/Scene.unity
  artifactKey: Guid(10107bf47f5b92049a122dfc9505af8b) Importer(815301076,1909f56bfc062723c751e8b465ee728b)
Start importing Assets/shader/scene 1/Scene.unity using Guid(10107bf47f5b92049a122dfc9505af8b) Importer(815301076,1909f56bfc062723c751e8b465ee728b)  -> (artifact id: '85f4c94cec8cb0350814e6ae6ccb5e60') in 0.003044 seconds
  Import took 0.007045 seconds .

========================================================================
Received Import Request.
  Time since last request: 189.972768 seconds.
  path: Assets/shader-esercizi/Mat/Wood.mat
  artifactKey: Guid(dc69f5839ad60b14ca3c3596f7f95b7d) Importer(815301076,1909f56bfc062723c751e8b465ee728b)
Start importing Assets/shader-esercizi/Mat/Wood.mat using Guid(dc69f5839ad60b14ca3c3596f7f95b7d) Importer(815301076,1909f56bfc062723c751e8b465ee728b)  -> (artifact id: '69e19603ad283189f51cfd6a3e7e948d') in 0.212749 seconds
  Import took 0.216447 seconds .

========================================================================
Received Import Request.
  Time since last request: 42.822956 seconds.
  path: Assets/shader-esercizi/Shader/WoodShader.shader
  artifactKey: Guid(2f983fbd58416c240b497a941d5ea871) Importer(815301076,1909f56bfc062723c751e8b465ee728b)
Start importing Assets/shader-esercizi/Shader/WoodShader.shader using Guid(2f983fbd58416c240b497a941d5ea871) Importer(815301076,1909f56bfc062723c751e8b465ee728b)  -> (artifact id: 'bca1815a1609a443c8185e4d42ef798c') in 0.006554 seconds
  Import took 0.010087 seconds .

========================================================================
Received Import Request.
  Time since last request: 0.398065 seconds.
  path: Assets/shader-esercizi/Shader/WoodShader.shader
  artifactKey: Guid(2f983fbd58416c240b497a941d5ea871) Importer(815301076,1909f56bfc062723c751e8b465ee728b)
Start importing Assets/shader-esercizi/Shader/WoodShader.shader using Guid(2f983fbd58416c240b497a941d5ea871) Importer(815301076,1909f56bfc062723c751e8b465ee728b)  -> (artifact id: 'bca1815a1609a443c8185e4d42ef798c') in 0.003622 seconds
  Import took 0.007310 seconds .

========================================================================
Received Import Request.
  Time since last request: 439.932933 seconds.
  path: Assets/shader-esercizi/Shader/WoodShader.shader
  artifactKey: Guid(2f983fbd58416c240b497a941d5ea871) Importer(815301076,1909f56bfc062723c751e8b465ee728b)
Start importing Assets/shader-esercizi/Shader/WoodShader.shader using Guid(2f983fbd58416c240b497a941d5ea871) Importer(815301076,1909f56bfc062723c751e8b465ee728b)  -> (artifact id: 'e00c052703614c093b28ae1eb243e4b5') in 0.003851 seconds
  Import took 0.009205 seconds .

========================================================================
Received Import Request.
  Time since last request: 0.008867 seconds.
  path: Assets/shader-esercizi/Shader/WoodShader.shader
  artifactKey: Guid(2f983fbd58416c240b497a941d5ea871) Importer(815301076,1909f56bfc062723c751e8b465ee728b)
Start importing Assets/shader-esercizi/Shader/WoodShader.shader using Guid(2f983fbd58416c240b497a941d5ea871) Importer(815301076,1909f56bfc062723c751e8b465ee728b)  -> (artifact id: 'e00c052703614c093b28ae1eb243e4b5') in 0.003456 seconds
  Import took 0.007005 seconds .

========================================================================
Received Import Request.
  Time since last request: 254.350031 seconds.
  path: Assets/shader-esercizi/Shader/WoodShader.shader
  artifactKey: Guid(2f983fbd58416c240b497a941d5ea871) Importer(815301076,1909f56bfc062723c751e8b465ee728b)
Start importing Assets/shader-esercizi/Shader/WoodShader.shader using Guid(2f983fbd58416c240b497a941d5ea871) Importer(815301076,1909f56bfc062723c751e8b465ee728b)  -> (artifact id: '957ecc43f5fa555415fbae1a07bc44f7') in 0.003636 seconds
  Import took 0.009543 seconds .

========================================================================
Received Import Request.
  Time since last request: 0.010420 seconds.
  path: Assets/shader-esercizi/Shader/WoodShader.shader
  artifactKey: Guid(2f983fbd58416c240b497a941d5ea871) Importer(815301076,1909f56bfc062723c751e8b465ee728b)
Start importing Assets/shader-esercizi/Shader/WoodShader.shader using Guid(2f983fbd58416c240b497a941d5ea871) Importer(815301076,1909f56bfc062723c751e8b465ee728b)  -> (artifact id: '957ecc43f5fa555415fbae1a07bc44f7') in 0.003873 seconds
  Import took 0.007778 seconds .

========================================================================
Received Import Request.
  Time since last request: 4627.619713 seconds.
  path: Assets/shader-esercizi/Shader/WoodShader.shader
  artifactKey: Guid(2f983fbd58416c240b497a941d5ea871) Importer(815301076,1909f56bfc062723c751e8b465ee728b)
Start importing Assets/shader-esercizi/Shader/WoodShader.shader using Guid(2f983fbd58416c240b497a941d5ea871) Importer(815301076,1909f56bfc062723c751e8b465ee728b)  -> (artifact id: 'c9ef52f604670aea040bb757d5462957') in 0.004854 seconds
  Import took 0.009593 seconds .

========================================================================
Received Import Request.
  Time since last request: 22.411541 seconds.
  path: Assets/shader-esercizi/Mat/Wood.mat
  artifactKey: Guid(dc69f5839ad60b14ca3c3596f7f95b7d) Importer(815301076,1909f56bfc062723c751e8b465ee728b)
Start importing Assets/shader-esercizi/Mat/Wood.mat using Guid(dc69f5839ad60b14ca3c3596f7f95b7d) Importer(815301076,1909f56bfc062723c751e8b465ee728b) Shader error in 'Unlit/WoodShader': invalid ps_4_0 input semantic 'SV_TARGET' at line 15 (on d3d11)

Compiling Fragment program
Platform defines: UNITY_ENABLE_REFLECTION_BUFFERS UNITY_USE_DITHER_MASK_FOR_ALPHABLENDED_SHADOWS UNITY_PBS_USE_BRDF1 UNITY_SPECCUBE_BOX_PROJECTION UNITY_SPECCUBE_BLENDING UNITY_ENABLE_DETAIL_NORMALMAP SHADER_API_DESKTOP UNITY_LIGHT_PROBE_PROXY_VOLUME UNITY_LIGHTMAP_RGBM_ENCODING
Disabled keywords: UNITY_NO_DXT5nm UNITY_ENABLE_NATIVE_SHADOW_LOOKUPS UNITY_METAL_SHADOWS_USE_POINT_FILTERING UNITY_NO_SCREENSPACE_SHADOWS UNITY_PBS_USE_BRDF2 UNITY_PBS_USE_BRDF3 UNITY_NO_FULL_STANDARD_SHADER UNITY_HARDWARE_TIER1 UNITY_HARDWARE_TIER2 UNITY_HARDWARE_TIER3 UNITY_COLORSPACE_GAMMA UNITY_HALF_PRECISION_FRAGMENT_SHADER_REGISTERS UNITY_LIGHTMAP_DLDR_ENCODING UNITY_LIGHTMAP_FULL_HDR UNITY_VIRTUAL_TEXTURING UNITY_PRETRANSFORM_TO_DISPLAY_ORIENTATION UNITY_ASTC_NORMALMAP_ENCODING SHADER_API_GLES30

 -> (artifact id: '3d89446c00e976659c79ec48ce5ac339') in 0.034243 seconds
  Import took 0.038178 seconds .

========================================================================
Received Import Request.
  Time since last request: 77.693094 seconds.
  path: Assets/shader-esercizi/Shader/WoodShader.shader
  artifactKey: Guid(2f983fbd58416c240b497a941d5ea871) Importer(815301076,1909f56bfc062723c751e8b465ee728b)
Start importing Assets/shader-esercizi/Shader/WoodShader.shader using Guid(2f983fbd58416c240b497a941d5ea871) Importer(815301076,1909f56bfc062723c751e8b465ee728b)  -> (artifact id: '22d21fed85662373397e859d1539b7c7') in 0.003911 seconds
  Import took 0.008006 seconds .

========================================================================
Received Import Request.
  Time since last request: 219.982045 seconds.
  path: Assets/shader-esercizi/Shader/WoodShader.shader
  artifactKey: Guid(2f983fbd58416c240b497a941d5ea871) Importer(815301076,1909f56bfc062723c751e8b465ee728b)
Start importing Assets/shader-esercizi/Shader/WoodShader.shader using Guid(2f983fbd58416c240b497a941d5ea871) Importer(815301076,1909f56bfc062723c751e8b465ee728b)  -> (artifact id: '5b71fd8b28d15add1647384a24c08d9f') in 0.017360 seconds
  Import took 0.032020 seconds .

========================================================================
Received Import Request.
  Time since last request: 73.394121 seconds.
  path: Assets/shader-esercizi/Shader/WoodShader.shader
  artifactKey: Guid(2f983fbd58416c240b497a941d5ea871) Importer(815301076,1909f56bfc062723c751e8b465ee728b)
Start importing Assets/shader-esercizi/Shader/WoodShader.shader using Guid(2f983fbd58416c240b497a941d5ea871) Importer(815301076,1909f56bfc062723c751e8b465ee728b)  -> (artifact id: '9037a5f6938ac70cdcc65208859ff289') in 0.004414 seconds
  Import took 0.009058 seconds .

========================================================================
Received Import Request.
  Time since last request: 0.010724 seconds.
  path: Assets/shader-esercizi/Shader/WoodShader.shader
  artifactKey: Guid(2f983fbd58416c240b497a941d5ea871) Importer(815301076,1909f56bfc062723c751e8b465ee728b)
Start importing Assets/shader-esercizi/Shader/WoodShader.shader using Guid(2f983fbd58416c240b497a941d5ea871) Importer(815301076,1909f56bfc062723c751e8b465ee728b)  -> (artifact id: '9037a5f6938ac70cdcc65208859ff289') in 0.004568 seconds
  Import took 0.008488 seconds .

========================================================================
Received Import Request.
  Time since last request: 199.811083 seconds.
  path: Assets/shader-esercizi/Shader/WoodShader.shader
  artifactKey: Guid(2f983fbd58416c240b497a941d5ea871) Importer(815301076,1909f56bfc062723c751e8b465ee728b)
Start importing Assets/shader-esercizi/Shader/WoodShader.shader using Guid(2f983fbd58416c240b497a941d5ea871) Importer(815301076,1909f56bfc062723c751e8b465ee728b)  -> (artifact id: 'ec9e55325b0ed55f4ca751dc029d15ec') in 0.003550 seconds
  Import took 0.009688 seconds .

========================================================================
Received Import Request.
  Time since last request: 53.683078 seconds.
  path: Assets/shader-esercizi/Shader/WoodShader.shader
  artifactKey: Guid(2f983fbd58416c240b497a941d5ea871) Importer(815301076,1909f56bfc062723c751e8b465ee728b)
Start importing Assets/shader-esercizi/Shader/WoodShader.shader using Guid(2f983fbd58416c240b497a941d5ea871) Importer(815301076,1909f56bfc062723c751e8b465ee728b)  -> (artifact id: '37f47d3564dffc69c691f4ea5dcc7fb6') in 0.003761 seconds
  Import took 0.007755 seconds .

========================================================================
Received Import Request.
  Time since last request: 1436.317333 seconds.
  path: Assets/shader-esercizi
  artifactKey: Guid(7dce3a20ec84d6c4384bdc0fc70d5129) Importer(815301076,1909f56bfc062723c751e8b465ee728b)
Start importing Assets/shader-esercizi using Guid(7dce3a20ec84d6c4384bdc0fc70d5129) Importer(815301076,1909f56bfc062723c751e8b465ee728b)  -> (artifact id: '0ed6cf1979059867ff99252e493575f1') in 0.003751 seconds
  Import took 0.008224 seconds .

========================================================================
Received Import Request.
  Time since last request: 5.265823 seconds.
  path: Assets/shader-esercizi/texturre
  artifactKey: Guid(f829e156416a7534d899ef18ea1166d4) Importer(815301076,1909f56bfc062723c751e8b465ee728b)
Start importing Assets/shader-esercizi/texturre using Guid(f829e156416a7534d899ef18ea1166d4) Importer(815301076,1909f56bfc062723c751e8b465ee728b)  -> (artifact id: '1b900d4ba6494515b9b54f711307fca7') in 0.003566 seconds
  Import took 0.007028 seconds .

========================================================================
Received Import Request.
  Time since last request: 0.003596 seconds.
  path: Assets/shader-esercizi/texturre
  artifactKey: Guid(f829e156416a7534d899ef18ea1166d4) Importer(815301076,1909f56bfc062723c751e8b465ee728b)
Start importing Assets/shader-esercizi/texturre using Guid(f829e156416a7534d899ef18ea1166d4) Importer(815301076,1909f56bfc062723c751e8b465ee728b)  -> (artifact id: '1b900d4ba6494515b9b54f711307fca7') in 0.002617 seconds
  Import took 0.006175 seconds .

========================================================================
Received Import Request.
  Time since last request: 5.701546 seconds.
  path: Assets/shader-esercizi/t
  artifactKey: Guid(9ecd5f41d203e0a4986b6c1306b48cab) Importer(815301076,1909f56bfc062723c751e8b465ee728b)
Start importing Assets/shader-esercizi/t using Guid(9ecd5f41d203e0a4986b6c1306b48cab) Importer(815301076,1909f56bfc062723c751e8b465ee728b)  -> (artifact id: 'd3b9f5a0d99c16e6c270ca2c42b14854') in 0.005262 seconds
  Import took 0.009212 seconds .

========================================================================
Received Import Request.
  Time since last request: 10.833862 seconds.
  path: Assets/shader-esercizi/Texture
  artifactKey: Guid(b78d9f3a829350a4a82c7a79a9d63fac) Importer(815301076,1909f56bfc062723c751e8b465ee728b)
Start importing Assets/shader-esercizi/Texture using Guid(b78d9f3a829350a4a82c7a79a9d63fac) Importer(815301076,1909f56bfc062723c751e8b465ee728b)  -> (artifact id: '04cdb699686f70ce00f5be8e1cfab292') in 0.004148 seconds
  Import took 0.008634 seconds .

========================================================================
Received Import Request.
  Time since last request: 0.002403 seconds.
  path: Assets/shader-esercizi/Texture
  artifactKey: Guid(b78d9f3a829350a4a82c7a79a9d63fac) Importer(815301076,1909f56bfc062723c751e8b465ee728b)
Start importing Assets/shader-esercizi/Texture using Guid(b78d9f3a829350a4a82c7a79a9d63fac) Importer(815301076,1909f56bfc062723c751e8b465ee728b)  -> (artifact id: '04cdb699686f70ce00f5be8e1cfab292') in 0.002763 seconds
  Import took 0.006451 seconds .

========================================================================
Received Import Request.
  Time since last request: 10.326840 seconds.
  path: Assets/shader-esercizi/Texture/TextWood.jpg
  artifactKey: Guid(2edec58ba401eb843b7d42f58ad16f49) Importer(815301076,1909f56bfc062723c751e8b465ee728b)
Start importing Assets/shader-esercizi/Texture/TextWood.jpg using Guid(2edec58ba401eb843b7d42f58ad16f49) Importer(815301076,1909f56bfc062723c751e8b465ee728b)  -> (artifact id: 'd63134c974d1911800bd0f8c5f2f2222') in 0.058129 seconds
  Import took 0.062292 seconds .

========================================================================
Received Import Request.
  Time since last request: 73.665333 seconds.
  path: Assets/ExampleAssets/Textures/Props/Construction_Light/ConstructionLight_Albedo.tif
  artifactKey: Guid(2ec6e1532acb1254f9f3797b5d82db44) Importer(815301076,1909f56bfc062723c751e8b465ee728b)
Start importing Assets/ExampleAssets/Textures/Props/Construction_Light/ConstructionLight_Albedo.tif using Guid(2ec6e1532acb1254f9f3797b5d82db44) Importer(815301076,1909f56bfc062723c751e8b465ee728b)  -> (artifact id: '4a57a31f58e7059085dbfbfa6864a110') in 0.017690 seconds
  Import took 0.021564 seconds .

========================================================================
Received Import Request.
  Time since last request: 0.000279 seconds.
  path: Assets/ExampleAssets/Textures/Props/Construction_Light/ConstructionLight_MetallicOcculusionSmoothness.tif
  artifactKey: Guid(9a81f1a59f171804e84fce76584bdcb7) Importer(815301076,1909f56bfc062723c751e8b465ee728b)
Start importing Assets/ExampleAssets/Textures/Props/Construction_Light/ConstructionLight_MetallicOcculusionSmoothness.tif using Guid(9a81f1a59f171804e84fce76584bdcb7) Importer(815301076,1909f56bfc062723c751e8b465ee728b)  -> (artifact id: '488b02d1a46ebdcea76b05beda21ff9e') in 0.012755 seconds
  Import took 0.016153 seconds .

========================================================================
Received Import Request.
  Time since last request: 0.000251 seconds.
  path: Assets/ExampleAssets/Textures/Props/Construction_Light/ConstructionLight_Albedo.tif
  artifactKey: Guid(2ec6e1532acb1254f9f3797b5d82db44) Importer(815301076,1909f56bfc062723c751e8b465ee728b)
Start importing Assets/ExampleAssets/Textures/Props/Construction_Light/ConstructionLight_Albedo.tif using Guid(2ec6e1532acb1254f9f3797b5d82db44) Importer(815301076,1909f56bfc062723c751e8b465ee728b)  -> (artifact id: '4a57a31f58e7059085dbfbfa6864a110') in 0.008967 seconds
  Import took 0.012424 seconds .

========================================================================
Received Import Request.
  Time since last request: 0.000252 seconds.
  path: Assets/ExampleAssets/Textures/Props/Construction_Light/ConstructionLight_MetallicOcculusionSmoothness.tif
  artifactKey: Guid(9a81f1a59f171804e84fce76584bdcb7) Importer(815301076,1909f56bfc062723c751e8b465ee728b)
Start importing Assets/ExampleAssets/Textures/Props/Construction_Light/ConstructionLight_MetallicOcculusionSmoothness.tif using Guid(9a81f1a59f171804e84fce76584bdcb7) Importer(815301076,1909f56bfc062723c751e8b465ee728b)  -> (artifact id: '488b02d1a46ebdcea76b05beda21ff9e') in 0.008360 seconds
  Import took 0.012390 seconds .

========================================================================
Received Import Request.
  Time since last request: 0.000250 seconds.
  path: Assets/ExampleAssets/Textures/Drywall/Drywall_AlbedoSmoothness.tif
  artifactKey: Guid(3e11968c372730442aae3b4f7c909931) Importer(815301076,1909f56bfc062723c751e8b465ee728b)
Start importing Assets/ExampleAssets/Textures/Drywall/Drywall_AlbedoSmoothness.tif using Guid(3e11968c372730442aae3b4f7c909931) Importer(815301076,1909f56bfc062723c751e8b465ee728b)  -> (artifact id: 'd7c6a851e9b382466dc0ee9ba75031c8') in 0.010571 seconds
  Import took 0.014513 seconds .

========================================================================
Received Import Request.
  Time since last request: 0.000285 seconds.
  path: Assets/ExampleAssets/Textures/Drywall/Drywall_Albedo.tif
  artifactKey: Guid(eae496078d11426448124eaf8b285e6b) Importer(815301076,1909f56bfc062723c751e8b465ee728b)
Start importing Assets/ExampleAssets/Textures/Drywall/Drywall_Albedo.tif using Guid(eae496078d11426448124eaf8b285e6b) Importer(815301076,1909f56bfc062723c751e8b465ee728b)  -> (artifact id: 'de443aa919821d491dc855e8700ff937') in 0.010683 seconds
  Import took 0.015644 seconds .

========================================================================
Received Import Request.
  Time since last request: 1.457823 seconds.
  path: Assets/ExampleAssets/Textures/Drywall/Drywall_Normal.tif
  artifactKey: Guid(e231e4c02c48ee14aafa55f7b1a843c1) Importer(815301076,1909f56bfc062723c751e8b465ee728b)
Start importing Assets/ExampleAssets/Textures/Drywall/Drywall_Normal.tif using Guid(e231e4c02c48ee14aafa55f7b1a843c1) Importer(815301076,1909f56bfc062723c751e8b465ee728b)  -> (artifact id: '43f7619a7a70b02d46bb4859a8023617') in 0.014958 seconds
  Import took 0.019282 seconds .

========================================================================
Received Import Request.
  Time since last request: 0.030501 seconds.
  path: Assets/ExampleAssets/Textures/Drywall/DrywallPainted_Normal.tif
  artifactKey: Guid(2cd242c9999e92b4ca96dab876cfaf13) Importer(815301076,1909f56bfc062723c751e8b465ee728b)
Start importing Assets/ExampleAssets/Textures/Drywall/DrywallPainted_Normal.tif using Guid(2cd242c9999e92b4ca96dab876cfaf13) Importer(815301076,1909f56bfc062723c751e8b465ee728b)  -> (artifact id: 'd9d40fd68aca5b1075e9a55834f5cc5e') in 0.010110 seconds
  Import took 0.014123 seconds .

========================================================================
Received Import Request.
  Time since last request: 0.512942 seconds.
  path: Assets/ExampleAssets/Textures/Plastic/Elastic_MetallicOcculusionSmoothness.tif
  artifactKey: Guid(f5df2fb0c070b57429f8ca23b216093b) Importer(815301076,1909f56bfc062723c751e8b465ee728b)
Start importing Assets/ExampleAssets/Textures/Plastic/Elastic_MetallicOcculusionSmoothness.tif using Guid(f5df2fb0c070b57429f8ca23b216093b) Importer(815301076,1909f56bfc062723c751e8b465ee728b)  -> (artifact id: 'a21b35d62288d74c903a6479f762b9e8') in 0.012133 seconds
  Import took 0.017495 seconds .

========================================================================
Received Import Request.
  Time since last request: 0.047558 seconds.
  path: Assets/ExampleAssets/Textures/Plastic/Elastic_Normal.tif
  artifactKey: Guid(db17334dfe5991a4bbe241ee9a728c38) Importer(815301076,1909f56bfc062723c751e8b465ee728b)
Start importing Assets/ExampleAssets/Textures/Plastic/Elastic_Normal.tif using Guid(db17334dfe5991a4bbe241ee9a728c38) Importer(815301076,1909f56bfc062723c751e8b465ee728b)  -> (artifact id: '9dbd547c616277419c1b794ceff8a419') in 0.012010 seconds
  Import took 0.016723 seconds .

========================================================================
Received Import Request.
  Time since last request: 0.359064 seconds.
  path: Assets/ExampleAssets/Textures/Concrete/Ground_Albedo.tif
  artifactKey: Guid(87ce03bd447ccce48bbff87ac0d8355f) Importer(815301076,1909f56bfc062723c751e8b465ee728b)
Start importing Assets/ExampleAssets/Textures/Concrete/Ground_Albedo.tif using Guid(87ce03bd447ccce48bbff87ac0d8355f) Importer(815301076,1909f56bfc062723c751e8b465ee728b)  -> (artifact id: 'aeb6646123d1151c2241fd4825caf457') in 0.041528 seconds
  Import took 0.050305 seconds .

========================================================================
Received Import Request.
  Time since last request: 0.000209 seconds.
  path: Assets/ExampleAssets/Textures/Concrete/Ground_MetallicOcculusionSmoothness.tif
  artifactKey: Guid(a8d38587573a5f34c91c4ae0fbd8bfef) Importer(815301076,1909f56bfc062723c751e8b465ee728b)
Start importing Assets/ExampleAssets/Textures/Concrete/Ground_MetallicOcculusionSmoothness.tif using Guid(a8d38587573a5f34c91c4ae0fbd8bfef) Importer(815301076,1909f56bfc062723c751e8b465ee728b)  -> (artifact id: '81a36f5e770e358b0507fa7afc9a1e03') in 0.043406 seconds
  Import took 0.058563 seconds .

========================================================================
Received Import Request.
  Time since last request: 0.240919 seconds.
  path: Assets/ExampleAssets/Textures/Concrete/Ground_Normal.tif
  artifactKey: Guid(fab85e0cacda9644a99e5182a86b71f5) Importer(815301076,1909f56bfc062723c751e8b465ee728b)
Start importing Assets/ExampleAssets/Textures/Concrete/Ground_Normal.tif using Guid(fab85e0cacda9644a99e5182a86b71f5) Importer(815301076,1909f56bfc062723c751e8b465ee728b)  -> (artifact id: 'b3164c0a03cab7050e1ebd276392651b') in 0.010622 seconds
  Import took 0.014779 seconds .

========================================================================
Received Import Request.
  Time since last request: 0.000881 seconds.
  path: Assets/ExampleAssets/Textures/Concrete/Ground_Normal.tif
  artifactKey: Guid(fab85e0cacda9644a99e5182a86b71f5) Importer(815301076,1909f56bfc062723c751e8b465ee728b)
Start importing Assets/ExampleAssets/Textures/Concrete/Ground_Normal.tif using Guid(fab85e0cacda9644a99e5182a86b71f5) Importer(815301076,1909f56bfc062723c751e8b465ee728b)  -> (artifact id: 'b3164c0a03cab7050e1ebd276392651b') in 0.008746 seconds
  Import took 0.012431 seconds .

========================================================================
Received Import Request.
  Time since last request: 0.023434 seconds.
  path: Assets/ExampleAssets/Textures/Props/Hammer/Hammer_Albedo.tif
  artifactKey: Guid(59c8de363dc14c54986d0751c2c38342) Importer(815301076,1909f56bfc062723c751e8b465ee728b)
Start importing Assets/ExampleAssets/Textures/Props/Hammer/Hammer_Albedo.tif using Guid(59c8de363dc14c54986d0751c2c38342) Importer(815301076,1909f56bfc062723c751e8b465ee728b)  -> (artifact id: '283e7b2b5cdaa35d732a6dc45cfa3688') in 0.014620 seconds
  Import took 0.018796 seconds .

========================================================================
Received Import Request.
  Time since last request: 0.011030 seconds.
  path: Assets/ExampleAssets/Textures/Props/Hammer/Hammer_MetallicOcculusionSmoothness.tif
  artifactKey: Guid(6c509e4ae024b5e4faeefb92dab5c812) Importer(815301076,1909f56bfc062723c751e8b465ee728b)
Start importing Assets/ExampleAssets/Textures/Props/Hammer/Hammer_MetallicOcculusionSmoothness.tif using Guid(6c509e4ae024b5e4faeefb92dab5c812) Importer(815301076,1909f56bfc062723c751e8b465ee728b)  -> (artifact id: '8ceaaa4de682a1f067bb19e008a30c62') in 0.011033 seconds
  Import took 0.015241 seconds .

========================================================================
Received Import Request.
  Time since last request: 0.254371 seconds.
  path: Assets/ExampleAssets/Textures/Props/Hammer/Hammer_Normal.tif
  artifactKey: Guid(c517a9b1527aec343806327b47ad22df) Importer(815301076,1909f56bfc062723c751e8b465ee728b)
Start importing Assets/ExampleAssets/Textures/Props/Hammer/Hammer_Normal.tif using Guid(c517a9b1527aec343806327b47ad22df) Importer(815301076,1909f56bfc062723c751e8b465ee728b)  -> (artifact id: '641f1e17a93f38de2b654527e7ce7a7a') in 0.011874 seconds
  Import took 0.015898 seconds .

========================================================================
Received Import Request.
  Time since last request: 0.033818 seconds.
  path: Assets/TutorialInfo/Icons/Help_Icon.png
  artifactKey: Guid(34f556d724b1bbf4097ca6220db2c581) Importer(815301076,1909f56bfc062723c751e8b465ee728b)
Start importing Assets/TutorialInfo/Icons/Help_Icon.png using Guid(34f556d724b1bbf4097ca6220db2c581) Importer(815301076,1909f56bfc062723c751e8b465ee728b)  -> (artifact id: '1d480ad221a369f71fdf2682a14560df') in 0.012561 seconds
  Import took 0.016751 seconds .

========================================================================
Received Import Request.
  Time since last request: 0.000254 seconds.
  path: Assets/ExampleAssets/Textures/Props/Jigsaw/Jigsaw_Albedo.tif
  artifactKey: Guid(b3f247b26e080ca468f1daa963c192ee) Importer(815301076,1909f56bfc062723c751e8b465ee728b)
Start importing Assets/ExampleAssets/Textures/Props/Jigsaw/Jigsaw_Albedo.tif using Guid(b3f247b26e080ca468f1daa963c192ee) Importer(815301076,1909f56bfc062723c751e8b465ee728b)  -> (artifact id: '62aac5680e7d29288a9edd84e457c57e') in 0.011500 seconds
  Import took 0.014986 seconds .

========================================================================
Received Import Request.
  Time since last request: 0.213934 seconds.
  path: Assets/ExampleAssets/Textures/Props/Jigsaw/Jigsaw_MetallicOcculusionSmoothness.tif
  artifactKey: Guid(3017ed6fed9d3bb49ba99bf738e2d626) Importer(815301076,1909f56bfc062723c751e8b465ee728b)
Start importing Assets/ExampleAssets/Textures/Props/Jigsaw/Jigsaw_MetallicOcculusionSmoothness.tif using Guid(3017ed6fed9d3bb49ba99bf738e2d626) Importer(815301076,1909f56bfc062723c751e8b465ee728b)  -> (artifact id: '83ec15f49c4772aad7a8959ec4132960') in 0.011399 seconds
  Import took 0.015600 seconds .

========================================================================
Received Import Request.
  Time since last request: 0.001156 seconds.
  path: Assets/ExampleAssets/Textures/Props/Jigsaw/Jigsaw_MetallicOcculusionSmoothness.tif
  artifactKey: Guid(3017ed6fed9d3bb49ba99bf738e2d626) Importer(815301076,1909f56bfc062723c751e8b465ee728b)
Start importing Assets/ExampleAssets/Textures/Props/Jigsaw/Jigsaw_MetallicOcculusionSmoothness.tif using Guid(3017ed6fed9d3bb49ba99bf738e2d626) Importer(815301076,1909f56bfc062723c751e8b465ee728b)  -> (artifact id: '83ec15f49c4772aad7a8959ec4132960') in 0.008652 seconds
  Import took 0.012339 seconds .

========================================================================
Received Import Request.
  Time since last request: 0.020040 seconds.
  path: Assets/ExampleAssets/Textures/Props/Jigsaw/Jigsaw_Normal.tif
  artifactKey: Guid(06969fc081d8cc146af6634f75abe652) Importer(815301076,1909f56bfc062723c751e8b465ee728b)
Start importing Assets/ExampleAssets/Textures/Props/Jigsaw/Jigsaw_Normal.tif using Guid(06969fc081d8cc146af6634f75abe652) Importer(815301076,1909f56bfc062723c751e8b465ee728b)  -> (artifact id: '28a682feee97001735116c0915aba1da') in 0.018503 seconds
  Import took 0.022233 seconds .

========================================================================
Received Import Request.
  Time since last request: 0.000236 seconds.
  path: Assets/ExampleAssets/Textures/Metal/Metal_Albedo.tif
  artifactKey: Guid(77583f99dea53b641804bb357092ec83) Importer(815301076,1909f56bfc062723c751e8b465ee728b)
Start importing Assets/ExampleAssets/Textures/Metal/Metal_Albedo.tif using Guid(77583f99dea53b641804bb357092ec83) Importer(815301076,1909f56bfc062723c751e8b465ee728b)  -> (artifact id: 'e7583f6e1241fff4997bf779cc02071d') in 0.011682 seconds
  Import took 0.015010 seconds .

========================================================================
Received Import Request.
  Time since last request: 0.000266 seconds.
  path: Assets/ExampleAssets/Textures/Props/Jigsaw/Jigsaw_Normal.tif
  artifactKey: Guid(06969fc081d8cc146af6634f75abe652) Importer(815301076,1909f56bfc062723c751e8b465ee728b)
Start importing Assets/ExampleAssets/Textures/Props/Jigsaw/Jigsaw_Normal.tif using Guid(06969fc081d8cc146af6634f75abe652) Importer(815301076,1909f56bfc062723c751e8b465ee728b)  -> (artifact id: '28a682feee97001735116c0915aba1da') in 0.010127 seconds
  Import took 0.014749 seconds .

========================================================================
Received Import Request.
  Time since last request: 0.258657 seconds.
  path: Assets/ExampleAssets/Textures/Metal/Metal_MetallicSmoothness.tif
  artifactKey: Guid(40da0395b61db4448b98bab66d6b549c) Importer(815301076,1909f56bfc062723c751e8b465ee728b)
Start importing Assets/ExampleAssets/Textures/Metal/Metal_MetallicSmoothness.tif using Guid(40da0395b61db4448b98bab66d6b549c) Importer(815301076,1909f56bfc062723c751e8b465ee728b)  -> (artifact id: 'bc1532b68018746c72b2745dd080814f') in 0.009528 seconds
  Import took 0.013897 seconds .

========================================================================
Received Import Request.
  Time since last request: 0.001815 seconds.
  path: Assets/ExampleAssets/Textures/Metal/Metal_MetallicSmoothness.tif
  artifactKey: Guid(40da0395b61db4448b98bab66d6b549c) Importer(815301076,1909f56bfc062723c751e8b465ee728b)
Start importing Assets/ExampleAssets/Textures/Metal/Metal_MetallicSmoothness.tif using Guid(40da0395b61db4448b98bab66d6b549c) Importer(815301076,1909f56bfc062723c751e8b465ee728b)  -> (artifact id: 'bc1532b68018746c72b2745dd080814f') in 0.008483 seconds
  Import took 0.012511 seconds .

========================================================================
Received Import Request.
  Time since last request: 0.023145 seconds.
  path: Assets/ExampleAssets/Textures/Metal/Metal_Normal.tif
  artifactKey: Guid(3b0b7c1f4ac9f6b499e27cf84e722ff4) Importer(815301076,1909f56bfc062723c751e8b465ee728b)
Start importing Assets/ExampleAssets/Textures/Metal/Metal_Normal.tif using Guid(3b0b7c1f4ac9f6b499e27cf84e722ff4) Importer(815301076,1909f56bfc062723c751e8b465ee728b)  -> (artifact id: '98bcb352f0a9c46413f9b4c53a92566d') in 0.014553 seconds
  Import took 0.020059 seconds .

========================================================================
Received Import Request.
  Time since last request: 0.000277 seconds.
  path: Assets/ExampleAssets/Textures/Wood/OBS_Albedo.tif
  artifactKey: Guid(7140a9bc83a12ea49a081dda89216fff) Importer(815301076,1909f56bfc062723c751e8b465ee728b)
Start importing Assets/ExampleAssets/Textures/Wood/OBS_Albedo.tif using Guid(7140a9bc83a12ea49a081dda89216fff) Importer(815301076,1909f56bfc062723c751e8b465ee728b)  -> (artifact id: 'bef38662f41b025291a3701adb10f65e') in 0.012776 seconds
  Import took 0.016026 seconds .

========================================================================
Received Import Request.
  Time since last request: 0.020388 seconds.
  path: Assets/ExampleAssets/Textures/Wood/OBS_MetallicOcculusionSmoothness.tif
  artifactKey: Guid(22638a9216f1ebf4cb43273a00879f51) Importer(815301076,1909f56bfc062723c751e8b465ee728b)
Start importing Assets/ExampleAssets/Textures/Wood/OBS_MetallicOcculusionSmoothness.tif using Guid(22638a9216f1ebf4cb43273a00879f51) Importer(815301076,1909f56bfc062723c751e8b465ee728b)  -> (artifact id: 'c91468e6c858e1dfc57e5e73fd8eb5f1') in 0.018291 seconds
  Import took 0.023617 seconds .

========================================================================
Received Import Request.
  Time since last request: 0.003031 seconds.
  path: Assets/ExampleAssets/Textures/Wood/OBS_MetallicOcculusionSmoothness.tif
  artifactKey: Guid(22638a9216f1ebf4cb43273a00879f51) Importer(815301076,1909f56bfc062723c751e8b465ee728b)
Start importing Assets/ExampleAssets/Textures/Wood/OBS_MetallicOcculusionSmoothness.tif using Guid(22638a9216f1ebf4cb43273a00879f51) Importer(815301076,1909f56bfc062723c751e8b465ee728b)  -> (artifact id: 'c91468e6c858e1dfc57e5e73fd8eb5f1') in 0.008198 seconds
  Import took 0.012093 seconds .

========================================================================
Received Import Request.
  Time since last request: 0.219910 seconds.
  path: Assets/ExampleAssets/Textures/Wood/OBS_Normal.tif
  artifactKey: Guid(fcce267dfc966b6408dc2ebe0cfb60ed) Importer(815301076,1909f56bfc062723c751e8b465ee728b)
Start importing Assets/ExampleAssets/Textures/Wood/OBS_Normal.tif using Guid(fcce267dfc966b6408dc2ebe0cfb60ed) Importer(815301076,1909f56bfc062723c751e8b465ee728b)  -> (artifact id: '6384fbf7974b29d9d247dc3f2426144a') in 0.010901 seconds
  Import took 0.015658 seconds .

========================================================================
Received Import Request.
  Time since last request: 0.032073 seconds.
  path: Assets/ExampleAssets/Textures/Props/Paint/Paint1G_Albedo.tif
  artifactKey: Guid(2de0d72a6700bd94ea57111b29e246fc) Importer(815301076,1909f56bfc062723c751e8b465ee728b)
Start importing Assets/ExampleAssets/Textures/Props/Paint/Paint1G_Albedo.tif using Guid(2de0d72a6700bd94ea57111b29e246fc) Importer(815301076,1909f56bfc062723c751e8b465ee728b)  -> (artifact id: 'c700bc9d21be160b7ad69bbe7a4dcfda') in 0.011184 seconds
  Import took 0.015177 seconds .

========================================================================
Received Import Request.
  Time since last request: 0.000237 seconds.
  path: Assets/ExampleAssets/Textures/Props/Paint/Paint1G_MetallicOcculusionRoughness.tif
  artifactKey: Guid(ca084ebab0cef7c4ba746cdb442f9c1e) Importer(815301076,1909f56bfc062723c751e8b465ee728b)
Start importing Assets/ExampleAssets/Textures/Props/Paint/Paint1G_MetallicOcculusionRoughness.tif using Guid(ca084ebab0cef7c4ba746cdb442f9c1e) Importer(815301076,1909f56bfc062723c751e8b465ee728b)  -> (artifact id: '72e22b07e468f9cacbd5a64c404b1ca6') in 0.012368 seconds
  Import took 0.016965 seconds .

========================================================================
Received Import Request.
  Time since last request: 5971.131348 seconds.
  path: Assets/shader-esercizi/Texture/TextWood.jpg
  artifactKey: Guid(2edec58ba401eb843b7d42f58ad16f49) Importer(815301076,1909f56bfc062723c751e8b465ee728b)
Start importing Assets/shader-esercizi/Texture/TextWood.jpg using Guid(2edec58ba401eb843b7d42f58ad16f49) Importer(815301076,1909f56bfc062723c751e8b465ee728b)  -> (artifact id: 'c65dda87ed87e10a5871106f36e9dd5a') in 0.036783 seconds
  Import took 0.041355 seconds .

========================================================================
Received Import Request.
  Time since last request: 3143.637236 seconds.
  path: Assets/shader-esercizi/Texture/TextWood.jpg
  artifactKey: Guid(2edec58ba401eb843b7d42f58ad16f49) Importer(815301076,1909f56bfc062723c751e8b465ee728b)
Start importing Assets/shader-esercizi/Texture/TextWood.jpg using Guid(2edec58ba401eb843b7d42f58ad16f49) Importer(815301076,1909f56bfc062723c751e8b465ee728b)  -> (artifact id: '2e5b01f24ac0f1e33252b77bbb8ee98a') in 0.056291 seconds
  Import took 0.060223 seconds .

========================================================================
Received Import Request.
  Time since last request: 40.896407 seconds.
  path: Assets/shader-esercizi/Texture/TextWood.jpg
  artifactKey: Guid(2edec58ba401eb843b7d42f58ad16f49) Importer(815301076,1909f56bfc062723c751e8b465ee728b)
Start importing Assets/shader-esercizi/Texture/TextWood.jpg using Guid(2edec58ba401eb843b7d42f58ad16f49) Importer(815301076,1909f56bfc062723c751e8b465ee728b)  -> (artifact id: '2cc98c7ecd161d055aaefff3ffd856b8') in 0.027717 seconds
  Import took 0.031609 seconds .

========================================================================
Received Import Request.
  Time since last request: 75.432458 seconds.
  path: Assets/shader-esercizi/Texture/TextWood.jpg
  artifactKey: Guid(2edec58ba401eb843b7d42f58ad16f49) Importer(815301076,1909f56bfc062723c751e8b465ee728b)
Start importing Assets/shader-esercizi/Texture/TextWood.jpg using Guid(2edec58ba401eb843b7d42f58ad16f49) Importer(815301076,1909f56bfc062723c751e8b465ee728b)  -> (artifact id: 'e7093a68faa26259364cfb8487168d3c') in 0.037559 seconds
  Import took 0.041335 seconds .

========================================================================
Received Import Request.
  Time since last request: 30.271131 seconds.
  path: Assets/ExampleAssets/Textures/Props/Paint/Paint1G_Normal.tif
  artifactKey: Guid(ac80c335ebd6dde4fa54a82050064545) Importer(815301076,1909f56bfc062723c751e8b465ee728b)
Start importing Assets/ExampleAssets/Textures/Props/Paint/Paint1G_Normal.tif using Guid(ac80c335ebd6dde4fa54a82050064545) Importer(815301076,1909f56bfc062723c751e8b465ee728b)  -> (artifact id: 'eb366cd38e2d39ab79034b530659f47f') in 0.011381 seconds
  Import took 0.015532 seconds .

========================================================================
Received Import Request.
  Time since last request: 0.000440 seconds.
  path: Assets/ExampleAssets/Textures/Props/Paint/PaintAnimMask.tif
  artifactKey: Guid(5e98de278b2ccc14f89b76b85596a3f3) Importer(815301076,1909f56bfc062723c751e8b465ee728b)
Start importing Assets/ExampleAssets/Textures/Props/Paint/PaintAnimMask.tif using Guid(5e98de278b2ccc14f89b76b85596a3f3) Importer(815301076,1909f56bfc062723c751e8b465ee728b)  -> (artifact id: 'b611d6d0740e3d11725509068f48f829') in 0.011041 seconds
  Import took 0.015073 seconds .

========================================================================
Received Import Request.
  Time since last request: 0.000248 seconds.
  path: Assets/ExampleAssets/Textures/Props/Paint/PaintLabel.tif
  artifactKey: Guid(e5c37ab0c7b37af4f981195d3caaf4b4) Importer(815301076,1909f56bfc062723c751e8b465ee728b)
Start importing Assets/ExampleAssets/Textures/Props/Paint/PaintLabel.tif using Guid(e5c37ab0c7b37af4f981195d3caaf4b4) Importer(815301076,1909f56bfc062723c751e8b465ee728b)  -> (artifact id: 'b7dfeb5fbce22deb0b76399cdfd82117') in 0.010018 seconds
  Import took 0.014376 seconds .

========================================================================
Received Import Request.
  Time since last request: 0.000267 seconds.
  path: Assets/ExampleAssets/Textures/Plastic/Plastic_AlbedoSmoothness.tif
  artifactKey: Guid(1f89fed00b6bc904c861ab847a811cb8) Importer(815301076,1909f56bfc062723c751e8b465ee728b)
Start importing Assets/ExampleAssets/Textures/Plastic/Plastic_AlbedoSmoothness.tif using Guid(1f89fed00b6bc904c861ab847a811cb8) Importer(815301076,1909f56bfc062723c751e8b465ee728b)  -> (artifact id: 'dbdfdbeeb3828ab7fbac695cd3d1708c') in 0.010266 seconds
  Import took 0.014281 seconds .

========================================================================
Received Import Request.
  Time since last request: 0.000291 seconds.
  path: Assets/ExampleAssets/Textures/Plastic/PlasticRough_Albedo.tif
  artifactKey: Guid(7b82d12aad56cc445b99fd1cf06a232d) Importer(815301076,1909f56bfc062723c751e8b465ee728b)
Start importing Assets/ExampleAssets/Textures/Plastic/PlasticRough_Albedo.tif using Guid(7b82d12aad56cc445b99fd1cf06a232d) Importer(815301076,1909f56bfc062723c751e8b465ee728b)  -> (artifact id: 'd973911a4b40515af267f67cd4e238db') in 0.012856 seconds
  Import took 0.017167 seconds .

========================================================================
Received Import Request.
  Time since last request: 0.000246 seconds.
  path: Assets/ExampleAssets/Textures/Wood/Plywood_Albedo.tif
  artifactKey: Guid(9644eb6aca67672449e2bcbb0eab8e84) Importer(815301076,1909f56bfc062723c751e8b465ee728b)
Start importing Assets/ExampleAssets/Textures/Wood/Plywood_Albedo.tif using Guid(9644eb6aca67672449e2bcbb0eab8e84) Importer(815301076,1909f56bfc062723c751e8b465ee728b)  -> (artifact id: '7c68eba837b4f0739994beb8857ec2cb') in 0.019589 seconds
  Import took 0.023058 seconds .

========================================================================
Received Import Request.
  Time since last request: 0.000326 seconds.
  path: Assets/ExampleAssets/Textures/Plastic/PlasticRidges_Normal.tif
  artifactKey: Guid(c021d051fa0cba84282b4a2577aa85c5) Importer(815301076,1909f56bfc062723c751e8b465ee728b)
Start importing Assets/ExampleAssets/Textures/Plastic/PlasticRidges_Normal.tif using Guid(c021d051fa0cba84282b4a2577aa85c5) Importer(815301076,1909f56bfc062723c751e8b465ee728b)  -> (artifact id: 'e09bbe16560254142b57960feac7f534') in 0.010201 seconds
  Import took 0.013686 seconds .

========================================================================
Received Import Request.
  Time since last request: 0.000245 seconds.
  path: Assets/ExampleAssets/Textures/Props/Paint/Paint5G_AlbedoSmoothness.tif
  artifactKey: Guid(5d25a5cd577a4c54e94fdf9cc6f1a631) Importer(815301076,1909f56bfc062723c751e8b465ee728b)
Start importing Assets/ExampleAssets/Textures/Props/Paint/Paint5G_AlbedoSmoothness.tif using Guid(5d25a5cd577a4c54e94fdf9cc6f1a631) Importer(815301076,1909f56bfc062723c751e8b465ee728b)  -> (artifact id: 'ce2b5dfbebc7e61d7144f4555cc37a46') in 0.014659 seconds
  Import took 0.018871 seconds .

========================================================================
Received Import Request.
  Time since last request: 0.000279 seconds.
  path: Assets/ExampleAssets/Textures/Plastic/Plastic_Normal.tif
  artifactKey: Guid(e109905c411b0f84e82eaaf2705ece30) Importer(815301076,1909f56bfc062723c751e8b465ee728b)
Start importing Assets/ExampleAssets/Textures/Plastic/Plastic_Normal.tif using Guid(e109905c411b0f84e82eaaf2705ece30) Importer(815301076,1909f56bfc062723c751e8b465ee728b)  -> (artifact id: '737b7c7af4ce95023c9c71159e6aa185') in 0.015356 seconds
  Import took 0.019115 seconds .

========================================================================
Received Import Request.
  Time since last request: 0.000244 seconds.
  path: Assets/ExampleAssets/Textures/Props/Paint/Paintbrush_MetallicOcculusionSmoothness.tif
  artifactKey: Guid(888916a5e87c05948b1a97b3c0d42556) Importer(815301076,1909f56bfc062723c751e8b465ee728b)
Start importing Assets/ExampleAssets/Textures/Props/Paint/Paintbrush_MetallicOcculusionSmoothness.tif using Guid(888916a5e87c05948b1a97b3c0d42556) Importer(815301076,1909f56bfc062723c751e8b465ee728b)  -> (artifact id: 'bc111e43666c90532df0dbb534af141e') in 0.011950 seconds
  Import took 0.015283 seconds .

========================================================================
Received Import Request.
  Time since last request: 0.000224 seconds.
  path: Assets/ExampleAssets/Textures/Props/Paint/Paintbrush_Normal.tif
  artifactKey: Guid(09e745bf0b8ff6a4bb5785d14168289a) Importer(815301076,1909f56bfc062723c751e8b465ee728b)
Start importing Assets/ExampleAssets/Textures/Props/Paint/Paintbrush_Normal.tif using Guid(09e745bf0b8ff6a4bb5785d14168289a) Importer(815301076,1909f56bfc062723c751e8b465ee728b)  -> (artifact id: '8097028bc5ea94f1d9e5d44c8d85ae0e') in 0.010986 seconds
  Import took 0.014535 seconds .

========================================================================
Received Import Request.
  Time since last request: 0.000285 seconds.
  path: Assets/ExampleAssets/Textures/Props/Paint/Paintbrush_Albedo.tif
  artifactKey: Guid(4675081b0baf66345adc734388155502) Importer(815301076,1909f56bfc062723c751e8b465ee728b)
Start importing Assets/ExampleAssets/Textures/Props/Paint/Paintbrush_Albedo.tif using Guid(4675081b0baf66345adc734388155502) Importer(815301076,1909f56bfc062723c751e8b465ee728b)  -> (artifact id: '64d6cd5bca92dbd732bd87c939c474fb') in 0.012627 seconds
  Import took 0.016501 seconds .

========================================================================
Received Import Request.
  Time since last request: 0.000300 seconds.
  path: Assets/ExampleAssets/Textures/Plastic/PlasticRidges_MetallicOcculusionSmoothness.tif
  artifactKey: Guid(201c1f77fe872924a86132486bc97e82) Importer(815301076,1909f56bfc062723c751e8b465ee728b)
Start importing Assets/ExampleAssets/Textures/Plastic/PlasticRidges_MetallicOcculusionSmoothness.tif using Guid(201c1f77fe872924a86132486bc97e82) Importer(815301076,1909f56bfc062723c751e8b465ee728b)  -> (artifact id: '85fc06a9b15404465ff6c664762c8e46') in 0.010427 seconds
  Import took 0.014372 seconds .

========================================================================
Received Import Request.
  Time since last request: 0.000242 seconds.
  path: Assets/ExampleAssets/Textures/Plastic/PlasticRough_MetallicOcculusionSmoothness.tif
  artifactKey: Guid(ee7680f1374ab4449b6d5f6b2c2c1936) Importer(815301076,1909f56bfc062723c751e8b465ee728b)
Start importing Assets/ExampleAssets/Textures/Plastic/PlasticRough_MetallicOcculusionSmoothness.tif using Guid(ee7680f1374ab4449b6d5f6b2c2c1936) Importer(815301076,1909f56bfc062723c751e8b465ee728b)  -> (artifact id: '358ede895c0e1632f44b88207d2f09c1') in 0.010574 seconds
  Import took 0.014516 seconds .

========================================================================
Received Import Request.
  Time since last request: 0.582685 seconds.
  path: Assets/TutorialInfo/Icons/UniversalIcon.png
  artifactKey: Guid(7801804018a7dcf42abb827444e18660) Importer(815301076,1909f56bfc062723c751e8b465ee728b)
Start importing Assets/TutorialInfo/Icons/UniversalIcon.png using Guid(7801804018a7dcf42abb827444e18660) Importer(815301076,1909f56bfc062723c751e8b465ee728b)  -> (artifact id: 'a16c82d60ecc92ac19919df256a528a6') in 0.011544 seconds
  Import took 0.015529 seconds .

========================================================================
Received Import Request.
  Time since last request: 0.000268 seconds.
  path: Assets/ExampleAssets/Textures/Props/HardHat/SafetyHat_Normal.tif
  artifactKey: Guid(d608c45da8580c9408ee50eb9a8c40f3) Importer(815301076,1909f56bfc062723c751e8b465ee728b)
Start importing Assets/ExampleAssets/Textures/Props/HardHat/SafetyHat_Normal.tif using Guid(d608c45da8580c9408ee50eb9a8c40f3) Importer(815301076,1909f56bfc062723c751e8b465ee728b)  -> (artifact id: 'e9578c323581b906db88c031c1b6f070') in 0.012277 seconds
  Import took 0.015914 seconds .

========================================================================
Received Import Request.
  Time since last request: 0.035234 seconds.
  path: Assets/ExampleAssets/Textures/Props/HardHat/SafetyHat_MetallicOcculusionSmoothness.tif
  artifactKey: Guid(6f61f8dd4499250438f1aa39448e860a) Importer(815301076,1909f56bfc062723c751e8b465ee728b)
Start importing Assets/ExampleAssets/Textures/Props/HardHat/SafetyHat_MetallicOcculusionSmoothness.tif using Guid(6f61f8dd4499250438f1aa39448e860a) Importer(815301076,1909f56bfc062723c751e8b465ee728b)  -> (artifact id: 'cb9926ca245c80eecea6053ede2fce00') in 0.010239 seconds
  Import took 0.014119 seconds .

========================================================================
Received Import Request.
  Time since last request: 0.236293 seconds.
  path: Assets/ExampleAssets/Textures/Props/HardHat/SafetyHat_Albedo.tif
  artifactKey: Guid(dd61af2ec9847eb4d8e17529fa61b143) Importer(815301076,1909f56bfc062723c751e8b465ee728b)
Start importing Assets/ExampleAssets/Textures/Props/HardHat/SafetyHat_Albedo.tif using Guid(dd61af2ec9847eb4d8e17529fa61b143) Importer(815301076,1909f56bfc062723c751e8b465ee728b)  -> (artifact id: 'cddbb67dfd12b73fc525e874212a581f') in 0.060977 seconds
  Import took 0.076361 seconds .

========================================================================
Received Import Request.
  Time since last request: 140.334637 seconds.
  path: Assets/shader-esercizi/Texture/texture legno.jpg
  artifactKey: Guid(95411e14edce50f459ee5df34c01cbd5) Importer(815301076,1909f56bfc062723c751e8b465ee728b)
Start importing Assets/shader-esercizi/Texture/texture legno.jpg using Guid(95411e14edce50f459ee5df34c01cbd5) Importer(815301076,1909f56bfc062723c751e8b465ee728b)  -> (artifact id: '294cc4d699cd93d30b00037185ab4f95') in 0.011999 seconds
  Import took 0.017413 seconds .

========================================================================
Received Import Request.
  Time since last request: 8.759917 seconds.
  path: Assets/shader-esercizi/Texture/texture legno.jpg
  artifactKey: Guid(95411e14edce50f459ee5df34c01cbd5) Importer(815301076,1909f56bfc062723c751e8b465ee728b)
Start importing Assets/shader-esercizi/Texture/texture legno.jpg using Guid(95411e14edce50f459ee5df34c01cbd5) Importer(815301076,1909f56bfc062723c751e8b465ee728b)  -> (artifact id: '843db5b774e4d04b71de1bafae8a3c8d') in 0.054329 seconds
  Import took 0.059048 seconds .

========================================================================
Received Import Request.
  Time since last request: 1451.004100 seconds.
  path: Assets/shader-esercizi/Shader/WoodShader.shader
  artifactKey: Guid(2f983fbd58416c240b497a941d5ea871) Importer(815301076,1909f56bfc062723c751e8b465ee728b)
Start importing Assets/shader-esercizi/Shader/WoodShader.shader using Guid(2f983fbd58416c240b497a941d5ea871) Importer(815301076,1909f56bfc062723c751e8b465ee728b)  -> (artifact id: 'd8506855fbf9ee9c8a5a092f3f557b29') in 0.004516 seconds
  Import took 0.009396 seconds .

========================================================================
Received Import Request.
  Time since last request: 0.001975 seconds.
  path: Assets/shader-esercizi/Shader/WoodShader.shader
  artifactKey: Guid(2f983fbd58416c240b497a941d5ea871) Importer(815301076,1909f56bfc062723c751e8b465ee728b)
Start importing Assets/shader-esercizi/Shader/WoodShader.shader using Guid(2f983fbd58416c240b497a941d5ea871) Importer(815301076,1909f56bfc062723c751e8b465ee728b)  -> (artifact id: 'd8506855fbf9ee9c8a5a092f3f557b29') in 0.003829 seconds
  Import took 0.007381 seconds .

========================================================================
Received Import Request.
  Time since last request: 7.496014 seconds.
  path: Assets/shader-esercizi/Shader/WoodShader.shader
  artifactKey: Guid(2f983fbd58416c240b497a941d5ea871) Importer(815301076,1909f56bfc062723c751e8b465ee728b)
Start importing Assets/shader-esercizi/Shader/WoodShader.shader using Guid(2f983fbd58416c240b497a941d5ea871) Importer(815301076,1909f56bfc062723c751e8b465ee728b)  -> (artifact id: 'b7a69d2575430cce659422dd1ee25d5e') in 0.003781 seconds
  Import took 0.007543 seconds .

========================================================================
Received Import Request.
  Time since last request: 126.688199 seconds.
  path: Assets/shader-esercizi/Shader/WoodShader.shader
  artifactKey: Guid(2f983fbd58416c240b497a941d5ea871) Importer(815301076,1909f56bfc062723c751e8b465ee728b)
Start importing Assets/shader-esercizi/Shader/WoodShader.shader using Guid(2f983fbd58416c240b497a941d5ea871) Importer(815301076,1909f56bfc062723c751e8b465ee728b)  -> (artifact id: '0b1a73fb86c7be2f0227d973db4c56fe') in 0.004176 seconds
  Import took 0.009606 seconds .

========================================================================
Received Import Request.
  Time since last request: 0.012596 seconds.
  path: Assets/shader-esercizi/Shader/WoodShader.shader
  artifactKey: Guid(2f983fbd58416c240b497a941d5ea871) Importer(815301076,1909f56bfc062723c751e8b465ee728b)
Start importing Assets/shader-esercizi/Shader/WoodShader.shader using Guid(2f983fbd58416c240b497a941d5ea871) Importer(815301076,1909f56bfc062723c751e8b465ee728b)  -> (artifact id: '0b1a73fb86c7be2f0227d973db4c56fe') in 0.004614 seconds
  Import took 0.009079 seconds .

========================================================================
Received Import Request.
  Time since last request: 11.244238 seconds.
  path: Assets/shader-esercizi/Shader/WoodShader.shader
  artifactKey: Guid(2f983fbd58416c240b497a941d5ea871) Importer(815301076,1909f56bfc062723c751e8b465ee728b)
Start importing Assets/shader-esercizi/Shader/WoodShader.shader using Guid(2f983fbd58416c240b497a941d5ea871) Importer(815301076,1909f56bfc062723c751e8b465ee728b)  -> (artifact id: '3270bd844df66f466d4a2822c51c84cd') in 0.003907 seconds
  Import took 0.008220 seconds .

========================================================================
Received Import Request.
  Time since last request: 188.301395 seconds.
  path: Assets/shader-esercizi/Shader/WoodShader.shader
  artifactKey: Guid(2f983fbd58416c240b497a941d5ea871) Importer(815301076,1909f56bfc062723c751e8b465ee728b)
Start importing Assets/shader-esercizi/Shader/WoodShader.shader using Guid(2f983fbd58416c240b497a941d5ea871) Importer(815301076,1909f56bfc062723c751e8b465ee728b)  -> (artifact id: '9c83d141b87e3f00bc04e401296006d1') in 0.004079 seconds
  Import took 0.008971 seconds .

========================================================================
Received Import Request.
  Time since last request: 0.011182 seconds.
  path: Assets/shader-esercizi/Shader/WoodShader.shader
  artifactKey: Guid(2f983fbd58416c240b497a941d5ea871) Importer(815301076,1909f56bfc062723c751e8b465ee728b)
Start importing Assets/shader-esercizi/Shader/WoodShader.shader using Guid(2f983fbd58416c240b497a941d5ea871) Importer(815301076,1909f56bfc062723c751e8b465ee728b)  -> (artifact id: '9c83d141b87e3f00bc04e401296006d1') in 0.004259 seconds
  Import took 0.008047 seconds .

========================================================================
Received Import Request.
  Time since last request: 156.877926 seconds.
  path: Assets/shader-esercizi/Mat/ExeShader.shader
  artifactKey: Guid(5c84d7b8795b6964ba93c8e59c64f2be) Importer(815301076,1909f56bfc062723c751e8b465ee728b)
Start importing Assets/shader-esercizi/Mat/ExeShader.shader using Guid(5c84d7b8795b6964ba93c8e59c64f2be) Importer(815301076,1909f56bfc062723c751e8b465ee728b)  -> (artifact id: 'e7bf803ce762b39560e49cc035031bf7') in 0.008075 seconds
  Import took 0.012874 seconds .

========================================================================
Received Import Request.
  Time since last request: 18.131585 seconds.
  path: Assets/shader-esercizi/Mat/ShaderExe.shader
  artifactKey: Guid(f4da98e468d1f1a4fb0bda0f282775bb) Importer(815301076,1909f56bfc062723c751e8b465ee728b)
Start importing Assets/shader-esercizi/Mat/ShaderExe.shader using Guid(f4da98e468d1f1a4fb0bda0f282775bb) Importer(815301076,1909f56bfc062723c751e8b465ee728b)  -> (artifact id: '3e7c8191a4fb3488ee539855b0dee627') in 0.005891 seconds
  Import took 0.010036 seconds .

========================================================================
Received Import Request.
  Time since last request: 40.062440 seconds.
  path: Assets/shader-esercizi/Mat/E.shader
  artifactKey: Guid(c6e8e7c7cf9ebca4c9ba5c6650467248) Importer(815301076,1909f56bfc062723c751e8b465ee728b)
Start importing Assets/shader-esercizi/Mat/E.shader using Guid(c6e8e7c7cf9ebca4c9ba5c6650467248) Importer(815301076,1909f56bfc062723c751e8b465ee728b)  -> (artifact id: '42657183700a587a66a5ab08f72b9673') in 0.004392 seconds
  Import took 0.008892 seconds .

========================================================================
Received Import Request.
  Time since last request: 188.852299 seconds.
  path: Assets/shader-esercizi/Mat/Exe.mat
  artifactKey: Guid(842b947ac5d20914185d661be4ef8b64) Importer(815301076,1909f56bfc062723c751e8b465ee728b)
Start importing Assets/shader-esercizi/Mat/Exe.mat using Guid(842b947ac5d20914185d661be4ef8b64) Importer(815301076,1909f56bfc062723c751e8b465ee728b)  -> (artifact id: 'b59a3aa01ed5b8d04f7fe8f52d413d19') in 0.027282 seconds
  Import took 0.031518 seconds .

========================================================================
Received Import Request.
  Time since last request: 0.000221 seconds.
  path: Assets/shader-esercizi/Mat/Wood.mat
  artifactKey: Guid(dc69f5839ad60b14ca3c3596f7f95b7d) Importer(815301076,1909f56bfc062723c751e8b465ee728b)
Start importing Assets/shader-esercizi/Mat/Wood.mat using Guid(dc69f5839ad60b14ca3c3596f7f95b7d) Importer(815301076,1909f56bfc062723c751e8b465ee728b)  -> (artifact id: '84947ebe26a818ad1ed356a75dcc694d') in 0.022643 seconds
  Import took 0.026282 seconds .

========================================================================
Received Import Request.
  Time since last request: 276.644566 seconds.
  path: Assets/shader-esercizi/Shader/ExeShader.shader
  artifactKey: Guid(eb80a57f2fe58664d86e1515b3e00a3c) Importer(815301076,1909f56bfc062723c751e8b465ee728b)
Start importing Assets/shader-esercizi/Shader/ExeShader.shader using Guid(eb80a57f2fe58664d86e1515b3e00a3c) Importer(815301076,1909f56bfc062723c751e8b465ee728b)  -> (artifact id: '2daf012d5ee2a42fb81301629c80a67c') in 0.005727 seconds
  Import took 0.009586 seconds .

========================================================================
Received Import Request.
  Time since last request: 101.065616 seconds.
  path: Assets/shader-esercizi/Shader/ExeShader.shader
  artifactKey: Guid(eb80a57f2fe58664d86e1515b3e00a3c) Importer(815301076,1909f56bfc062723c751e8b465ee728b)
Start importing Assets/shader-esercizi/Shader/ExeShader.shader using Guid(eb80a57f2fe58664d86e1515b3e00a3c) Importer(815301076,1909f56bfc062723c751e8b465ee728b)  -> (artifact id: 'e5c15ec302227c46650471544587759b') in 0.005969 seconds
  Import took 0.010615 seconds .

========================================================================
Received Import Request.
  Time since last request: 2805.003285 seconds.
  path: Assets/shader-esercizi/Mat/Exe.mat
  artifactKey: Guid(842b947ac5d20914185d661be4ef8b64) Importer(815301076,1909f56bfc062723c751e8b465ee728b)
Start importing Assets/shader-esercizi/Mat/Exe.mat using Guid(842b947ac5d20914185d661be4ef8b64) Importer(815301076,1909f56bfc062723c751e8b465ee728b)  -> (artifact id: '4b1186bfb5cccb9154d0ad8d3d9d6caa') in 0.023883 seconds
  Import took 0.028309 seconds .

========================================================================
Received Import Request.
  Time since last request: 7.419148 seconds.
  path: Assets/ExampleAssets/Textures/Plastic/PlasticRidges_Albedo.tif
  artifactKey: Guid(ecb23393a0d1b424a82fff68a4c00a66) Importer(815301076,1909f56bfc062723c751e8b465ee728b)
Start importing Assets/ExampleAssets/Textures/Plastic/PlasticRidges_Albedo.tif using Guid(ecb23393a0d1b424a82fff68a4c00a66) Importer(815301076,1909f56bfc062723c751e8b465ee728b)  -> (artifact id: 'a61ea3aefd5f30ad15ec10fce282efb7') in 0.012432 seconds
  Import took 0.016663 seconds .

========================================================================
Received Import Request.
  Time since last request: 0.364335 seconds.
  path: Assets/ExampleAssets/Textures/Wood/Plywood_MetallicOcculusionSmoothness.tif
  artifactKey: Guid(2e38f7921b7d7b1418ab63c08117ffb8) Importer(815301076,1909f56bfc062723c751e8b465ee728b)
Start importing Assets/ExampleAssets/Textures/Wood/Plywood_MetallicOcculusionSmoothness.tif using Guid(2e38f7921b7d7b1418ab63c08117ffb8) Importer(815301076,1909f56bfc062723c751e8b465ee728b)  -> (artifact id: 'c23dc4c0bfa92b210f5851a9944a3b2f') in 0.011432 seconds
  Import took 0.015934 seconds .

========================================================================
Received Import Request.
  Time since last request: 0.000580 seconds.
  path: Assets/ExampleAssets/Textures/Wood/Plywood_Normal.tif
  artifactKey: Guid(2148396b133b56f40baa7ea4fd22982a) Importer(815301076,1909f56bfc062723c751e8b465ee728b)
Start importing Assets/ExampleAssets/Textures/Wood/Plywood_Normal.tif using Guid(2148396b133b56f40baa7ea4fd22982a) Importer(815301076,1909f56bfc062723c751e8b465ee728b)  -> (artifact id: 'ed0eb636fb2986d6b03f1aae599bad1a') in 0.015693 seconds
  Import took 0.021218 seconds .

========================================================================
Received Import Request.
  Time since last request: 440.148812 seconds.
  path: Assets/shader-esercizi/Mat/grid.png
  artifactKey: Guid(000aed4424dec4347a1d8e71e960370c) Importer(815301076,1909f56bfc062723c751e8b465ee728b)
Start importing Assets/shader-esercizi/Mat/grid.png using Guid(000aed4424dec4347a1d8e71e960370c) Importer(815301076,1909f56bfc062723c751e8b465ee728b)  -> (artifact id: 'b2ddb37c17b9d0f34f0e913410498c0d') in 0.013857 seconds
  Import took 0.018115 seconds .

========================================================================
Received Import Request.
  Time since last request: 2.233735 seconds.
  path: Assets/shader-esercizi/Mat/grid 1.png
  artifactKey: Guid(c21d98acbb3a92841be0bb4e59d24ff9) Importer(815301076,1909f56bfc062723c751e8b465ee728b)
Start importing Assets/shader-esercizi/Mat/grid 1.png using Guid(c21d98acbb3a92841be0bb4e59d24ff9) Importer(815301076,1909f56bfc062723c751e8b465ee728b)  -> (artifact id: '5667e9ae51348248ee51c3627f52d085') in 0.010134 seconds
  Import took 0.015645 seconds .

========================================================================
Received Import Request.
  Time since last request: 8.476477 seconds.
  path: Assets/shader-esercizi/Mat/grid.png
  artifactKey: Guid(000aed4424dec4347a1d8e71e960370c) Importer(815301076,1909f56bfc062723c751e8b465ee728b)
Start importing Assets/shader-esercizi/Mat/grid.png using Guid(000aed4424dec4347a1d8e71e960370c) Importer(815301076,1909f56bfc062723c751e8b465ee728b)  -> (artifact id: 'd4734a6234607e237ef3cfb9f232d610') in 0.018425 seconds
  Import took 0.023868 seconds .

========================================================================
Received Import Request.
  Time since last request: 27.842149 seconds.
  path: Assets/shader-esercizi/Shader/WoodShader.shader
  artifactKey: Guid(2f983fbd58416c240b497a941d5ea871) Importer(815301076,1909f56bfc062723c751e8b465ee728b)
Start importing Assets/shader-esercizi/Shader/WoodShader.shader using Guid(2f983fbd58416c240b497a941d5ea871) Importer(815301076,1909f56bfc062723c751e8b465ee728b)  -> (artifact id: '1e64ad28fe0e50ab40b2e9c02d583942') in 0.004311 seconds
  Import took 0.008564 seconds .

========================================================================
Received Import Request.
  Time since last request: 0.003120 seconds.
  path: Assets/shader-esercizi/Shader/WoodShader.shader
  artifactKey: Guid(2f983fbd58416c240b497a941d5ea871) Importer(815301076,1909f56bfc062723c751e8b465ee728b)
Start importing Assets/shader-esercizi/Shader/WoodShader.shader using Guid(2f983fbd58416c240b497a941d5ea871) Importer(815301076,1909f56bfc062723c751e8b465ee728b)  -> (artifact id: '1e64ad28fe0e50ab40b2e9c02d583942') in 0.005413 seconds
  Import took 0.009588 seconds .

========================================================================
Received Import Request.
  Time since last request: 520.249074 seconds.
  path: Assets/shader-esercizi/Shader/ExeShader.shader
  artifactKey: Guid(eb80a57f2fe58664d86e1515b3e00a3c) Importer(815301076,1909f56bfc062723c751e8b465ee728b)
Start importing Assets/shader-esercizi/Shader/ExeShader.shader using Guid(eb80a57f2fe58664d86e1515b3e00a3c) Importer(815301076,1909f56bfc062723c751e8b465ee728b)  -> (artifact id: '45c742a9a4b298399dcb1702cd5df706') in 0.004240 seconds
  Import took 0.008806 seconds .

========================================================================
Received Import Request.
  Time since last request: 0.002761 seconds.
  path: Assets/shader-esercizi/Shader/ExeShader.shader
  artifactKey: Guid(eb80a57f2fe58664d86e1515b3e00a3c) Importer(815301076,1909f56bfc062723c751e8b465ee728b)
Start importing Assets/shader-esercizi/Shader/ExeShader.shader using Guid(eb80a57f2fe58664d86e1515b3e00a3c) Importer(815301076,1909f56bfc062723c751e8b465ee728b)  -> (artifact id: '45c742a9a4b298399dcb1702cd5df706') in 0.004610 seconds
  Import took 0.008207 seconds .

========================================================================
Received Import Request.
  Time since last request: 75.040502 seconds.
  path: Assets/shader-esercizi/Shader/ExeShader.shader
  artifactKey: Guid(eb80a57f2fe58664d86e1515b3e00a3c) Importer(815301076,1909f56bfc062723c751e8b465ee728b)
Start importing Assets/shader-esercizi/Shader/ExeShader.shader using Guid(eb80a57f2fe58664d86e1515b3e00a3c) Importer(815301076,1909f56bfc062723c751e8b465ee728b)  -> (artifact id: '23d96ba7d89964c91cc90d427aa784c1') in 0.004356 seconds
  Import took 0.009283 seconds .

========================================================================
Received Import Request.
  Time since last request: 60.302045 seconds.
  path: Assets/shader-esercizi/Shader/ExeShader.shader
  artifactKey: Guid(eb80a57f2fe58664d86e1515b3e00a3c) Importer(815301076,1909f56bfc062723c751e8b465ee728b)
Start importing Assets/shader-esercizi/Shader/ExeShader.shader using Guid(eb80a57f2fe58664d86e1515b3e00a3c) Importer(815301076,1909f56bfc062723c751e8b465ee728b)  -> (artifact id: 'fe55b27711a97e3545d570ea59122e7d') in 0.012462 seconds
  Import took 0.018971 seconds .

========================================================================
Received Import Request.
  Time since last request: 0.011794 seconds.
  path: Assets/shader-esercizi/Shader/ExeShader.shader
  artifactKey: Guid(eb80a57f2fe58664d86e1515b3e00a3c) Importer(815301076,1909f56bfc062723c751e8b465ee728b)
Start importing Assets/shader-esercizi/Shader/ExeShader.shader using Guid(eb80a57f2fe58664d86e1515b3e00a3c) Importer(815301076,1909f56bfc062723c751e8b465ee728b)  -> (artifact id: 'fe55b27711a97e3545d570ea59122e7d') in 0.012794 seconds
  Import took 0.022354 seconds .

========================================================================
Received Import Request.
  Time since last request: 63.122592 seconds.
  path: Assets/shader-esercizi/Shader/ExeShader.shader
  artifactKey: Guid(eb80a57f2fe58664d86e1515b3e00a3c) Importer(815301076,1909f56bfc062723c751e8b465ee728b)
Start importing Assets/shader-esercizi/Shader/ExeShader.shader using Guid(eb80a57f2fe58664d86e1515b3e00a3c) Importer(815301076,1909f56bfc062723c751e8b465ee728b)  -> (artifact id: 'ee117cb600ba7bf6effff225d2803ecc') in 0.003904 seconds
  Import took 0.007763 seconds .

========================================================================
Received Import Request.
  Time since last request: 7.970939 seconds.
  path: Assets/shader-esercizi/Shader/ExeShader.shader
  artifactKey: Guid(eb80a57f2fe58664d86e1515b3e00a3c) Importer(815301076,1909f56bfc062723c751e8b465ee728b)
Start importing Assets/shader-esercizi/Shader/ExeShader.shader using Guid(eb80a57f2fe58664d86e1515b3e00a3c) Importer(815301076,1909f56bfc062723c751e8b465ee728b)  -> (artifact id: '8ccf3342b9538781466d6ad0b05671bb') in 0.003769 seconds
  Import took 0.007426 seconds .

========================================================================
Received Import Request.
  Time since last request: 166.500912 seconds.
  path: Assets/shader-esercizi/Texture/grid.png
  artifactKey: Guid(000aed4424dec4347a1d8e71e960370c) Importer(815301076,1909f56bfc062723c751e8b465ee728b)
Start importing Assets/shader-esercizi/Texture/grid.png using Guid(000aed4424dec4347a1d8e71e960370c) Importer(815301076,1909f56bfc062723c751e8b465ee728b)  -> (artifact id: '5ad92d6514580e26a44d0825f2d13e68') in 0.011736 seconds
  Import took 0.015507 seconds .

========================================================================
Received Import Request.
  Time since last request: 20.746746 seconds.
  path: Assets/shader-esercizi/Mat/Exe.mat
  artifactKey: Guid(842b947ac5d20914185d661be4ef8b64) Importer(815301076,1909f56bfc062723c751e8b465ee728b)
Start importing Assets/shader-esercizi/Mat/Exe.mat using Guid(842b947ac5d20914185d661be4ef8b64) Importer(815301076,1909f56bfc062723c751e8b465ee728b) Shader error in 'Unlit/ExeShader': undeclared identifier '_MainTex_ST' at line 41 (on d3d11)

Compiling Vertex program
Platform defines: UNITY_ENABLE_REFLECTION_BUFFERS UNITY_USE_DITHER_MASK_FOR_ALPHABLENDED_SHADOWS UNITY_PBS_USE_BRDF1 UNITY_SPECCUBE_BOX_PROJECTION UNITY_SPECCUBE_BLENDING UNITY_ENABLE_DETAIL_NORMALMAP SHADER_API_DESKTOP UNITY_LIGHT_PROBE_PROXY_VOLUME UNITY_LIGHTMAP_RGBM_ENCODING
Disabled keywords: UNITY_NO_DXT5nm UNITY_ENABLE_NATIVE_SHADOW_LOOKUPS UNITY_METAL_SHADOWS_USE_POINT_FILTERING UNITY_NO_SCREENSPACE_SHADOWS UNITY_PBS_USE_BRDF2 UNITY_PBS_USE_BRDF3 UNITY_NO_FULL_STANDARD_SHADER UNITY_HARDWARE_TIER1 UNITY_HARDWARE_TIER2 UNITY_HARDWARE_TIER3 UNITY_COLORSPACE_GAMMA UNITY_HALF_PRECISION_FRAGMENT_SHADER_REGISTERS UNITY_LIGHTMAP_DLDR_ENCODING UNITY_LIGHTMAP_FULL_HDR UNITY_VIRTUAL_TEXTURING UNITY_PRETRANSFORM_TO_DISPLAY_ORIENTATION UNITY_ASTC_NORMALMAP_ENCODING SHADER_API_GLES30

Shader error in 'Unlit/ExeShader': undeclared identifier '_MainTex_ST' at line 41 (on d3d11)

Compiling Vertex program
Platform defines: UNITY_ENABLE_REFLECTION_BUFFERS UNITY_USE_DITHER_MASK_FOR_ALPHABLENDED_SHADOWS UNITY_PBS_USE_BRDF1 UNITY_SPECCUBE_BOX_PROJECTION UNITY_SPECCUBE_BLENDING UNITY_ENABLE_DETAIL_NORMALMAP SHADER_API_DESKTOP UNITY_LIGHT_PROBE_PROXY_VOLUME UNITY_LIGHTMAP_RGBM_ENCODING
Disabled keywords: UNITY_NO_DXT5nm UNITY_ENABLE_NATIVE_SHADOW_LOOKUPS UNITY_METAL_SHADOWS_USE_POINT_FILTERING UNITY_NO_SCREENSPACE_SHADOWS UNITY_PBS_USE_BRDF2 UNITY_PBS_USE_BRDF3 UNITY_NO_FULL_STANDARD_SHADER UNITY_HARDWARE_TIER1 UNITY_HARDWARE_TIER2 UNITY_HARDWARE_TIER3 UNITY_COLORSPACE_GAMMA UNITY_HALF_PRECISION_FRAGMENT_SHADER_REGISTERS UNITY_LIGHTMAP_DLDR_ENCODING UNITY_LIGHTMAP_FULL_HDR UNITY_VIRTUAL_TEXTURING UNITY_PRETRANSFORM_TO_DISPLAY_ORIENTATION UNITY_ASTC_NORMALMAP_ENCODING SHADER_API_GLES30

 -> (artifact id: '45b3ef6f6096de2f17d5c937f9161140') in 0.038429 seconds
  Import took 0.042522 seconds .

========================================================================
Received Import Request.
  Time since last request: 1445.680746 seconds.
  path: Assets/shader-esercizi/Shader/ExeShader.shader
  artifactKey: Guid(eb80a57f2fe58664d86e1515b3e00a3c) Importer(815301076,1909f56bfc062723c751e8b465ee728b)
Start importing Assets/shader-esercizi/Shader/ExeShader.shader using Guid(eb80a57f2fe58664d86e1515b3e00a3c) Importer(815301076,1909f56bfc062723c751e8b465ee728b)  -> (artifact id: '54d096389e31da917af0bf0c78228a86') in 0.005118 seconds
  Import took 0.011306 seconds .

========================================================================
Received Import Request.
  Time since last request: 0.001999 seconds.
  path: Assets/shader-esercizi/Shader/ExeShader.shader
  artifactKey: Guid(eb80a57f2fe58664d86e1515b3e00a3c) Importer(815301076,1909f56bfc062723c751e8b465ee728b)
Start importing Assets/shader-esercizi/Shader/ExeShader.shader using Guid(eb80a57f2fe58664d86e1515b3e00a3c) Importer(815301076,1909f56bfc062723c751e8b465ee728b)  -> (artifact id: '54d096389e31da917af0bf0c78228a86') in 0.004176 seconds
  Import took 0.008118 seconds .

AssetImportWorkerClient::OnTransportError - code=2 error=End of file
